Performing C SOURCE FILE Test CMAKE_HAVE_LIBC_PTHREAD failed with the following output:
Change Dir: /home/niklas/Desktop/LearnOpenGL/6_shaders task2/build/CMakeFiles/CMakeTmp

Run Build Command(s):/usr/bin/gmake -f Makefile cmTC_2ab50/fast && /usr/bin/gmake  -f CMakeFiles/cmTC_2ab50.dir/build.make CMakeFiles/cmTC_2ab50.dir/build
gmake[1]: Entering directory '/home/niklas/Desktop/LearnOpenGL/6_shaders task2/build/CMakeFiles/CMakeTmp'
Building C object CMakeFiles/cmTC_2ab50.dir/src.c.o
/bin/x86_64-redhat-linux-gcc-11 -DCMAKE_HAVE_LIBC_PTHREAD   -o CMakeFiles/cmTC_2ab50.dir/src.c.o -c "/home/niklas/Desktop/LearnOpenGL/6_shaders task2/build/CMakeFiles/CMakeTmp/src.c"
Linking C executable cmTC_2ab50
/usr/bin/cmake -E cmake_link_script CMakeFiles/cmTC_2ab50.dir/link.txt --verbose=1
/bin/x86_64-redhat-linux-gcc-11 -rdynamic CMakeFiles/cmTC_2ab50.dir/src.c.o -o cmTC_2ab50 
/usr/bin/ld: CMakeFiles/cmTC_2ab50.dir/src.c.o: in function `main':
src.c:(.text+0x2d): undefined reference to `pthread_create'
/usr/bin/ld: src.c:(.text+0x39): undefined reference to `pthread_detach'
/usr/bin/ld: src.c:(.text+0x45): undefined reference to `pthread_cancel'
/usr/bin/ld: src.c:(.text+0x56): undefined reference to `pthread_join'
collect2: error: ld returned 1 exit status
gmake[1]: *** [CMakeFiles/cmTC_2ab50.dir/build.make:99: cmTC_2ab50] Error 1
gmake[1]: Leaving directory '/home/niklas/Desktop/LearnOpenGL/6_shaders task2/build/CMakeFiles/CMakeTmp'
gmake: *** [Makefile:127: cmTC_2ab50/fast] Error 2


Source file was:
#include <pthread.h>

static void* test_func(void* data)
{
  return data;
}

int main(void)
{
  pthread_t thread;
  pthread_create(&thread, NULL, test_func, NULL);
  pthread_detach(thread);
  pthread_cancel(thread);
  pthread_join(thread, NULL);
  pthread_atfork(NULL, NULL, NULL);
  pthread_exit(NULL);

  return 0;
}

Determining if the function pthread_create exists in the pthreads failed with the following output:
Change Dir: /home/niklas/Desktop/LearnOpenGL/6_shaders task2/build/CMakeFiles/CMakeTmp

Run Build Command(s):/usr/bin/gmake -f Makefile cmTC_93ed1/fast && /usr/bin/gmake  -f CMakeFiles/cmTC_93ed1.dir/build.make CMakeFiles/cmTC_93ed1.dir/build
gmake[1]: Entering directory '/home/niklas/Desktop/LearnOpenGL/6_shaders task2/build/CMakeFiles/CMakeTmp'
Building C object CMakeFiles/cmTC_93ed1.dir/CheckFunctionExists.c.o
/bin/x86_64-redhat-linux-gcc-11   -DCHECK_FUNCTION_EXISTS=pthread_create -o CMakeFiles/cmTC_93ed1.dir/CheckFunctionExists.c.o -c /usr/share/cmake/Modules/CheckFunctionExists.c
Linking C executable cmTC_93ed1
/usr/bin/cmake -E cmake_link_script CMakeFiles/cmTC_93ed1.dir/link.txt --verbose=1
/bin/x86_64-redhat-linux-gcc-11  -DCHECK_FUNCTION_EXISTS=pthread_create -rdynamic CMakeFiles/cmTC_93ed1.dir/CheckFunctionExists.c.o -o cmTC_93ed1  -lpthreads 
/usr/bin/ld: cannot find -lpthreads
collect2: error: ld returned 1 exit status
gmake[1]: *** [CMakeFiles/cmTC_93ed1.dir/build.make:99: cmTC_93ed1] Error 1
gmake[1]: Leaving directory '/home/niklas/Desktop/LearnOpenGL/6_shaders task2/build/CMakeFiles/CMakeTmp'
gmake: *** [Makefile:127: cmTC_93ed1/fast] Error 2



