Performing C SOURCE FILE Test CMAKE_HAVE_LIBC_PTHREAD failed with the following output:
Change Dir: /home/niklas/Desktop/LearnOpenGL/camera_task1/build/CMakeFiles/CMakeTmp

Run Build Command(s):/usr/bin/gmake -f Makefile cmTC_959fb/fast && /usr/bin/gmake  -f CMakeFiles/cmTC_959fb.dir/build.make CMakeFiles/cmTC_959fb.dir/build
gmake[1]: Entering directory '/home/niklas/Desktop/LearnOpenGL/camera_task1/build/CMakeFiles/CMakeTmp'
Building C object CMakeFiles/cmTC_959fb.dir/src.c.o
/bin/x86_64-redhat-linux-gcc-11 -DCMAKE_HAVE_LIBC_PTHREAD   -o CMakeFiles/cmTC_959fb.dir/src.c.o -c /home/niklas/Desktop/LearnOpenGL/camera_task1/build/CMakeFiles/CMakeTmp/src.c
Linking C executable cmTC_959fb
/usr/bin/cmake -E cmake_link_script CMakeFiles/cmTC_959fb.dir/link.txt --verbose=1
/bin/x86_64-redhat-linux-gcc-11 -rdynamic CMakeFiles/cmTC_959fb.dir/src.c.o -o cmTC_959fb 
/usr/bin/ld: CMakeFiles/cmTC_959fb.dir/src.c.o: in function `main':
src.c:(.text+0x2d): undefined reference to `pthread_create'
/usr/bin/ld: src.c:(.text+0x39): undefined reference to `pthread_detach'
/usr/bin/ld: src.c:(.text+0x45): undefined reference to `pthread_cancel'
/usr/bin/ld: src.c:(.text+0x56): undefined reference to `pthread_join'
collect2: error: ld returned 1 exit status
gmake[1]: *** [CMakeFiles/cmTC_959fb.dir/build.make:99: cmTC_959fb] Error 1
gmake[1]: Leaving directory '/home/niklas/Desktop/LearnOpenGL/camera_task1/build/CMakeFiles/CMakeTmp'
gmake: *** [Makefile:127: cmTC_959fb/fast] Error 2


Source file was:
#include <pthread.h>

static void* test_func(void* data)
{
  return data;
}

int main(void)
{
  pthread_t thread;
  pthread_create(&thread, NULL, test_func, NULL);
  pthread_detach(thread);
  pthread_cancel(thread);
  pthread_join(thread, NULL);
  pthread_atfork(NULL, NULL, NULL);
  pthread_exit(NULL);

  return 0;
}

Determining if the function pthread_create exists in the pthreads failed with the following output:
Change Dir: /home/niklas/Desktop/LearnOpenGL/camera_task1/build/CMakeFiles/CMakeTmp

Run Build Command(s):/usr/bin/gmake -f Makefile cmTC_684d0/fast && /usr/bin/gmake  -f CMakeFiles/cmTC_684d0.dir/build.make CMakeFiles/cmTC_684d0.dir/build
gmake[1]: Entering directory '/home/niklas/Desktop/LearnOpenGL/camera_task1/build/CMakeFiles/CMakeTmp'
Building C object CMakeFiles/cmTC_684d0.dir/CheckFunctionExists.c.o
/bin/x86_64-redhat-linux-gcc-11   -DCHECK_FUNCTION_EXISTS=pthread_create -o CMakeFiles/cmTC_684d0.dir/CheckFunctionExists.c.o -c /usr/share/cmake/Modules/CheckFunctionExists.c
Linking C executable cmTC_684d0
/usr/bin/cmake -E cmake_link_script CMakeFiles/cmTC_684d0.dir/link.txt --verbose=1
/bin/x86_64-redhat-linux-gcc-11  -DCHECK_FUNCTION_EXISTS=pthread_create -rdynamic CMakeFiles/cmTC_684d0.dir/CheckFunctionExists.c.o -o cmTC_684d0  -lpthreads 
/usr/bin/ld: cannot find -lpthreads
collect2: error: ld returned 1 exit status
gmake[1]: *** [CMakeFiles/cmTC_684d0.dir/build.make:99: cmTC_684d0] Error 1
gmake[1]: Leaving directory '/home/niklas/Desktop/LearnOpenGL/camera_task1/build/CMakeFiles/CMakeTmp'
gmake: *** [Makefile:127: cmTC_684d0/fast] Error 2



